2024.11.16 11:00:28: Added Thomas Anderson Teacher
2024.11.16 11:00:28: Added Han Solo Teacher
2024.11.16 11:00:28: Added Princess Leia Teacher
2024.11.16 11:00:28: Added Severus Snape Teacher
2024.11.16 11:00:28: Added Dolores Umbridge Teacher
2024.11.16 11:00:28: Added Peter Pan Student to class class 1A, profile humane
2024.11.16 11:00:28: Added Anna Shirley Student to class class 1A, profile humane
2024.11.16 11:00:28: Added Harry Potter Student to class class 1A, profile humane
2024.11.16 11:00:28: Added Ron Weasley Student to class class 1A, profile humane
2024.11.16 11:00:28: Added term of subject Math on MONDAY at 10:30, 45 min to subject Math
2024.11.16 11:00:28: Added term of subject Math on THURSDAY at 12:50, 45 min to subject Math
2024.11.16 11:00:28: Added subject Math to class 1A, profile humane
2024.11.16 11:00:28: Added term of subject English on MONDAY at 12:00, 45 min to subject English
2024.11.16 11:00:28: Added term of subject English on TUESDAY at 11:00, 45 min to subject English
2024.11.16 11:00:28: Added term of subject English on WEDNESDAY at 10:30, 45 min to subject English
2024.11.16 11:00:28: Added term of subject English on THURSDAY at 11:00, 45 min to subject English
2024.11.16 11:00:28: Added subject English to class 1A, profile humane
2024.11.16 11:00:28: Added term of subject Computer Science on TUESDAY at 09:00, 45 min to subject Computer Science
2024.11.16 11:00:28: Added subject Computer Science to class 1A, profile humane
2024.11.16 11:00:28: Added term of subject Chemistry on WEDNESDAY at 11:30, 45 min to subject Chemistry
2024.11.16 11:00:28: Added subject Chemistry to class 1A, profile humane
2024.11.16 11:00:28: Added term of subject Potions on FRIDAY at 09:00, 90 min to subject Potions
2024.11.16 11:00:28: Added subject Potions to class 1A, profile humane
2024.11.16 11:00:28: Added term of subject Black Magic Defense on FRIDAY at 12:30, 90 min to subject Black Magic Defense
2024.11.16 11:00:28: Added subject Black Magic Defense to class 1A, profile humane
2024.11.16 11:00:28: Added class 1A, profile humane
2024.11.16 15:38:50: Added Thomas Anderson Teacher
2024.11.16 15:38:50: Added Han Solo Teacher
2024.11.16 15:38:50: Added Princess Leia Teacher
2024.11.16 15:38:50: Added Severus Snape Teacher
2024.11.16 15:38:50: Added Dolores Umbridge Teacher
2024.11.16 15:38:50: Added Peter Pan Student to class class 1A, profile humane
2024.11.16 15:38:50: Added Anna Shirley Student to class class 1A, profile humane
2024.11.16 15:38:50: Added Harry Potter Student to class class 1A, profile humane
2024.11.16 15:38:50: Added Ron Weasley Student to class class 1A, profile humane
2024.11.16 15:38:50: Added term of subject Math on MONDAY at 10:30, 45 min to subject Math
2024.11.16 15:38:50: Added term of subject Math on THURSDAY at 12:50, 45 min to subject Math
2024.11.16 15:38:50: Added subject Math to class 1A, profile humane
2024.11.16 15:38:50: Added term of subject English on MONDAY at 12:00, 45 min to subject English
2024.11.16 15:38:50: Added term of subject English on TUESDAY at 11:00, 45 min to subject English
2024.11.16 15:38:50: Added term of subject English on WEDNESDAY at 10:30, 45 min to subject English
2024.11.16 15:38:50: Added term of subject English on THURSDAY at 11:00, 45 min to subject English
2024.11.16 15:38:50: Added subject English to class 1A, profile humane
2024.11.16 15:38:50: Added term of subject Computer Science on TUESDAY at 09:00, 45 min to subject Computer Science
2024.11.16 15:38:50: Added subject Computer Science to class 1A, profile humane
2024.11.16 15:38:50: Added term of subject Chemistry on WEDNESDAY at 11:30, 45 min to subject Chemistry
2024.11.16 15:38:50: Added subject Chemistry to class 1A, profile humane
2024.11.16 15:38:50: Added term of subject Potions on FRIDAY at 09:00, 90 min to subject Potions
2024.11.16 15:38:50: Added subject Potions to class 1A, profile humane
2024.11.16 15:38:50: Added term of subject Black Magic Defense on FRIDAY at 12:30, 90 min to subject Black Magic Defense
2024.11.16 15:38:50: Added subject Black Magic Defense to class 1A, profile humane
2024.11.16 15:38:50: Added class 1A, profile humane
2024.11.16 17:37:04: Added Thomas Anderson Teacher
2024.11.16 17:37:04: Added Han Solo Teacher
2024.11.16 17:37:04: Added Princess Leia Teacher
2024.11.16 17:37:04: Added Severus Snape Teacher
2024.11.16 17:37:04: Added Dolores Umbridge Teacher
2024.11.16 17:37:04: Added Peter Pan Student to class class 1A, profile humane
2024.11.16 17:37:04: Added Anna Shirley Student to class class 1A, profile humane
2024.11.16 17:37:04: Added Harry Potter Student to class class 1A, profile humane
2024.11.16 17:37:04: Added Ron Weasley Student to class class 1A, profile humane
2024.11.16 17:37:04: Added term of subject Math on MONDAY at 10:30, 45 min to subject Math
2024.11.16 17:37:04: Added term of subject Math on THURSDAY at 12:50, 45 min to subject Math
2024.11.16 17:37:04: Added subject Math to class 1A, profile humane
2024.11.16 17:37:04: Added term of subject English on MONDAY at 12:00, 45 min to subject English
2024.11.16 17:37:04: Added term of subject English on TUESDAY at 11:00, 45 min to subject English
2024.11.16 17:37:04: Added term of subject English on WEDNESDAY at 10:30, 45 min to subject English
2024.11.16 17:37:04: Added term of subject English on THURSDAY at 11:00, 45 min to subject English
2024.11.16 17:37:04: Added subject English to class 1A, profile humane
2024.11.16 17:37:04: Added term of subject Computer Science on TUESDAY at 09:00, 45 min to subject Computer Science
2024.11.16 17:37:04: Added subject Computer Science to class 1A, profile humane
2024.11.16 17:37:04: Added term of subject Chemistry on WEDNESDAY at 11:30, 45 min to subject Chemistry
2024.11.16 17:37:04: Added subject Chemistry to class 1A, profile humane
2024.11.16 17:37:04: Added term of subject Potions on FRIDAY at 09:00, 90 min to subject Potions
2024.11.16 17:37:04: Added subject Potions to class 1A, profile humane
2024.11.16 17:37:04: Added term of subject Black Magic Defense on FRIDAY at 12:30, 90 min to subject Black Magic Defense
2024.11.16 17:37:04: Added subject Black Magic Defense to class 1A, profile humane
2024.11.16 17:37:04: Added class 1A, profile humane
2024.11.16 18:08:21: Loading teachers data from file: guice-teachers.dat
2024.11.16 18:08:21: Teachers data successfully loaded from file: guice-teachers.dat
2024.11.16 18:08:21: Loading classes data from file: guice-classes.dat
2024.11.16 18:08:21: Classes data successfully loaded from file: guice-classes.dat
